#
# There is insufficient memory for the Java Runtime Environment to continue.
# Native memory allocation (malloc) failed to allocate 1048576 bytes. Error detail: AllocateHeap
# Possible reasons:
#   The system is out of physical RAM or swap space
#   This process is running with CompressedOops enabled, and the Java Heap may be blocking the growth of the native heap
# Possible solutions:
#   Reduce memory load on the system
#   Increase physical memory or swap space
#   Check if swap backing store is full
#   Decrease Java heap size (-Xmx/-Xms)
#   Decrease number of Java threads
#   Decrease Java thread stack sizes (-Xss)
#   Set larger code cache with -XX:ReservedCodeCacheSize=
#   JVM is running with Unscaled Compressed Oops mode in which the Java heap is
#     placed in the first 4GB address space. The Java Heap base address is the
#     maximum limit for the native heap growth. Please use -XX:HeapBaseMinAddress
#     to set the Java Heap base and to place the Java Heap above 4GB virtual address.
# This output file may be truncated or incomplete.
#
#  Out of Memory Error (allocation.cpp:44), pid=5880, tid=9856
#
# JRE version: OpenJDK Runtime Environment Temurin-21.0.9+10 (21.0.9+10) (build 21.0.9+10-LTS)
# Java VM: OpenJDK 64-Bit Server VM Temurin-21.0.9+10 (21.0.9+10-LTS, mixed mode, sharing, tiered, compressed oops, compressed class ptrs, parallel gc, windows-amd64)
# No core dump will be written. Minidumps are not enabled by default on client versions of Windows
#

---------------  S U M M A R Y ------------

Command Line: --add-modules=ALL-SYSTEM --add-opens=java.base/java.util=ALL-UNNAMED --add-opens=java.base/java.lang=ALL-UNNAMED --add-opens=java.base/sun.nio.fs=ALL-UNNAMED -Declipse.application=org.eclipse.jdt.ls.core.id1 -Dosgi.bundles.defaultStartLevel=4 -Declipse.product=org.eclipse.jdt.ls.core.product -Djava.import.generatesMetadataFilesAtProjectRoot=false -DDetectVMInstallationsJob.disabled=true -Dfile.encoding=utf8 -XX:+UseParallelGC -XX:GCTimeRatio=4 -XX:AdaptiveSizePolicyWeight=90 -Dsun.zip.disableMemoryMapping=true -Xmx2G -Xms100m -Xlog:disable -javaagent:c:\Users\ashis\.vscode\extensions\redhat.java-1.52.0-win32-x64\lombok\lombok-1.18.39-4050.jar -XX:+HeapDumpOnOutOfMemoryError -XX:HeapDumpPath=c:\Users\ashis\AppData\Roaming\Code\User\workspaceStorage\0dba1efa2c8a7a4feabf0c4d767e8a8f\redhat.java -Daether.dependencyCollector.impl=bf c:\Users\ashis\.vscode\extensions\redhat.java-1.52.0-win32-x64\server\plugins\org.eclipse.equinox.launcher_1.7.100.v20251111-0406.jar -configuration c:\Users\ashis\AppData\Roaming\Code\User\globalStorage\redhat.java\1.52.0\config_win -data c:\Users\ashis\AppData\Roaming\Code\User\workspaceStorage\0dba1efa2c8a7a4feabf0c4d767e8a8f\redhat.java\jdt_ws --pipe=\\.\pipe\lsp-a5fbd18870df6f8d988922a1a329c7fe-sock

Host: Intel(R) Pentium(R) Silver N5030 CPU @ 1.10GHz, 4 cores, 3G,  Windows 10 , 64 bit Build 19041 (10.0.19041.5915)
Time: Sat Feb 21 14:41:16 2026 India Standard Time elapsed time: 434.952172 seconds (0d 0h 7m 14s)

---------------  T H R E A D  ---------------

Current thread (0x000001dbfad1bce0):  JavaThread "Attach Listener" daemon [_thread_in_vm, id=9856, stack(0x0000008d40800000,0x0000008d40900000) (1024K)]

Stack: [0x0000008d40800000,0x0000008d40900000]
Native frames: (J=compiled Java code, j=interpreted, Vv=VM code, C=native code)
V  [jvm.dll+0x6d6e29]
V  [jvm.dll+0x8b4b76]
V  [jvm.dll+0x8b712e]
V  [jvm.dll+0x8b7813]
V  [jvm.dll+0x283d86]
V  [jvm.dll+0xc1277]
V  [jvm.dll+0x6d76d9]
V  [jvm.dll+0x133466]
V  [jvm.dll+0x3f7ea6]
V  [jvm.dll+0x85e9ad]
V  [jvm.dll+0x6d565d]
C  [ucrtbase.dll+0x21bb2]
C  [KERNEL32.DLL+0x17374]
C  [ntdll.dll+0x4cc91]


---------------  P R O C E S S  ---------------

Threads class SMR info:
_java_thread_list=0x000001dbc77544d0, length=38, elements={
0x000001dbe20b66f0, 0x000001dbfad16df0, 0x000001dbfad18430, 0x000001dbfad1b090,
0x000001dbfad1bce0, 0x000001dbfad1f130, 0x000001dbfad20b90, 0x000001dbfad21c40,
0x000001dbfad98150, 0x000001dbc5113a30, 0x000001dbc527bab0, 0x000001dbc577a6f0,
0x000001dbc57269f0, 0x000001dbc5036490, 0x000001dbc592d960, 0x000001dbc569eec0,
0x000001dbc535df20, 0x000001dbc5e1b480, 0x000001dbc5e1bb10, 0x000001dbc5e1cec0,
0x000001dbc5e1c1a0, 0x000001dbc5e1a760, 0x000001dbc681d330, 0x000001dbc681b260,
0x000001dbc681a540, 0x000001dbc6819eb0, 0x000001dbc681cca0, 0x000001dbc681b8f0,
0x000001dbc681bf80, 0x000001dbc681abd0, 0x000001dbc857d200, 0x000001dbc8577620,
0x000001dbc857c4e0, 0x000001dbc8579d80, 0x000001dbc85796f0, 0x000001dbc857b7c0,
0x000001dbc857cb70, 0x000001dbc8576f90
}

Java Threads: ( => current thread )
  0x000001dbe20b66f0 JavaThread "main"                              [_thread_blocked, id=5656, stack(0x0000008d40100000,0x0000008d40200000) (1024K)]
  0x000001dbfad16df0 JavaThread "Reference Handler"          daemon [_thread_blocked, id=13332, stack(0x0000008d40500000,0x0000008d40600000) (1024K)]
  0x000001dbfad18430 JavaThread "Finalizer"                  daemon [_thread_blocked, id=3228, stack(0x0000008d40600000,0x0000008d40700000) (1024K)]
  0x000001dbfad1b090 JavaThread "Signal Dispatcher"          daemon [_thread_blocked, id=10920, stack(0x0000008d40700000,0x0000008d40800000) (1024K)]
=>0x000001dbfad1bce0 JavaThread "Attach Listener"            daemon [_thread_in_vm, id=9856, stack(0x0000008d40800000,0x0000008d40900000) (1024K)]
  0x000001dbfad1f130 JavaThread "Service Thread"             daemon [_thread_blocked, id=4316, stack(0x0000008d40900000,0x0000008d40a00000) (1024K)]
  0x000001dbfad20b90 JavaThread "Monitor Deflation Thread"   daemon [_thread_blocked, id=2732, stack(0x0000008d40a00000,0x0000008d40b00000) (1024K)]
  0x000001dbfad21c40 JavaThread "C2 CompilerThread0"         daemon [_thread_blocked, id=1572, stack(0x0000008d40b00000,0x0000008d40c00000) (1024K)]
  0x000001dbfad98150 JavaThread "C1 CompilerThread0"         daemon [_thread_blocked, id=10644, stack(0x0000008d40c00000,0x0000008d40d00000) (1024K)]
  0x000001dbc5113a30 JavaThread "Common-Cleaner"             daemon [_thread_blocked, id=7840, stack(0x0000008d40d00000,0x0000008d40e00000) (1024K)]
  0x000001dbc527bab0 JavaThread "Notification Thread"        daemon [_thread_blocked, id=2600, stack(0x0000008d40e00000,0x0000008d40f00000) (1024K)]
  0x000001dbc577a6f0 JavaThread "Active Thread: Equinox Container: 5a613d16-221a-4354-8bb8-ee61d4653811"        [_thread_blocked, id=8860, stack(0x0000008d41200000,0x0000008d41300000) (1024K)]
  0x000001dbc57269f0 JavaThread "Refresh Thread: Equinox Container: 5a613d16-221a-4354-8bb8-ee61d4653811" daemon [_thread_blocked, id=12468, stack(0x0000008d41300000,0x0000008d41400000) (1024K)]
  0x000001dbc5036490 JavaThread "Framework Event Dispatcher: Equinox Container: 5a613d16-221a-4354-8bb8-ee61d4653811" daemon [_thread_blocked, id=7388, stack(0x0000008d41400000,0x0000008d41500000) (1024K)]
  0x000001dbc592d960 JavaThread "Start Level: Equinox Container: 5a613d16-221a-4354-8bb8-ee61d4653811" daemon [_thread_blocked, id=12588, stack(0x0000008d41500000,0x0000008d41600000) (1024K)]
  0x000001dbc569eec0 JavaThread "Bundle File Closer"         daemon [_thread_blocked, id=10172, stack(0x0000008d41600000,0x0000008d41700000) (1024K)]
  0x000001dbc535df20 JavaThread "SCR Component Actor"        daemon [_thread_blocked, id=7436, stack(0x0000008d3ff00000,0x0000008d40000000) (1024K)]
  0x000001dbc5e1b480 JavaThread "Worker-JM"                         [_thread_blocked, id=14320, stack(0x0000008d40000000,0x0000008d40100000) (1024K)]
  0x000001dbc5e1bb10 JavaThread "JNA Cleaner"                daemon [_thread_blocked, id=11792, stack(0x0000008d41800000,0x0000008d41900000) (1024K)]
  0x000001dbc5e1cec0 JavaThread "Worker-0"                          [_thread_blocked, id=4124, stack(0x0000008d41900000,0x0000008d41a00000) (1024K)]
  0x000001dbc5e1c1a0 JavaThread "Worker-2"                          [_thread_blocked, id=12228, stack(0x0000008d41b00000,0x0000008d41c00000) (1024K)]
  0x000001dbc5e1a760 JavaThread "Java indexing"              daemon [_thread_blocked, id=11248, stack(0x0000008d41c00000,0x0000008d41d00000) (1024K)]
  0x000001dbc681d330 JavaThread "Thread-1"                   daemon [_thread_in_native, id=11044, stack(0x0000008d42100000,0x0000008d42200000) (1024K)]
  0x000001dbc681b260 JavaThread "Thread-2"                   daemon [_thread_in_native, id=3900, stack(0x0000008d42200000,0x0000008d42300000) (1024K)]
  0x000001dbc681a540 JavaThread "Thread-3"                   daemon [_thread_in_native, id=14160, stack(0x0000008d42300000,0x0000008d42400000) (1024K)]
  0x000001dbc6819eb0 JavaThread "Thread-4"                   daemon [_thread_in_native, id=5708, stack(0x0000008d42400000,0x0000008d42500000) (1024K)]
  0x000001dbc681cca0 JavaThread "Thread-5"                   daemon [_thread_in_native, id=13680, stack(0x0000008d42500000,0x0000008d42600000) (1024K)]
  0x000001dbc681b8f0 JavaThread "pool-2-thread-1"                   [_thread_blocked, id=11356, stack(0x0000008d42600000,0x0000008d42700000) (1024K)]
  0x000001dbc681bf80 JavaThread "WorkspaceEventsHandler"            [_thread_blocked, id=7064, stack(0x0000008d42700000,0x0000008d42800000) (1024K)]
  0x000001dbc681abd0 JavaThread "pool-1-thread-1"                   [_thread_blocked, id=4964, stack(0x0000008d42800000,0x0000008d42900000) (1024K)]
  0x000001dbc857d200 JavaThread "ForkJoinPool.commonPool-worker-4" daemon [_thread_blocked, id=11644, stack(0x0000008d41a00000,0x0000008d41b00000) (1024K)]
  0x000001dbc8577620 JavaThread "Java Debug Server"          daemon [_thread_in_native, id=9832, stack(0x0000008d41e00000,0x0000008d41f00000) (1024K)]
  0x000001dbc857c4e0 JavaThread "pool-4-thread-1"                   [_thread_in_native, id=11928, stack(0x0000008d41f00000,0x0000008d42000000) (1024K)]
  0x000001dbc8579d80 JavaThread "RxSchedulerPurge-1"         daemon [_thread_blocked, id=6236, stack(0x0000008d42000000,0x0000008d42100000) (1024K)]
  0x000001dbc85796f0 JavaThread "RxCachedWorkerPoolEvictor-1" daemon [_thread_blocked, id=5536, stack(0x0000008d42a00000,0x0000008d42b00000) (1024K)]
  0x000001dbc857b7c0 JavaThread "RxNewThreadScheduler-1"     daemon [_thread_blocked, id=13980, stack(0x0000008d42b00000,0x0000008d42c00000) (1024K)]
  0x000001dbc857cb70 JavaThread "Cleaner-0"                  daemon [_thread_blocked, id=9200, stack(0x0000008d42d00000,0x0000008d42e00000) (1024K)]
  0x000001dbc8576f90 JavaThread "process reaper (pid 5820)"  daemon [_thread_in_native, id=7920, stack(0x0000008d42c00000,0x0000008d42c20000) (128K)]
Total: 38

Other Threads:
  0x000001dbfad0e750 VMThread "VM Thread"                           [id=14560, stack(0x0000008d40400000,0x0000008d40500000) (1024K)]
  0x000001dbfacccb00 WatcherThread "VM Periodic Task Thread"        [id=8080, stack(0x0000008d40300000,0x0000008d40400000) (1024K)]
  0x000001dbe434de40 WorkerThread "GC Thread#0"                     [id=3924, stack(0x0000008d40200000,0x0000008d40300000) (1024K)]
  0x000001dbc53eca60 WorkerThread "GC Thread#1"                     [id=9668, stack(0x0000008d40f00000,0x0000008d41000000) (1024K)]
  0x000001dbc53d3c20 WorkerThread "GC Thread#2"                     [id=2784, stack(0x0000008d41000000,0x0000008d41100000) (1024K)]
  0x000001dbc53d3fc0 WorkerThread "GC Thread#3"                     [id=2120, stack(0x0000008d41100000,0x0000008d41200000) (1024K)]
Total: 6

Threads with active compile tasks:
Total: 0

VM state: not at safepoint (normal execution)

VM Mutex/Monitor currently owned by a thread: None

Heap address: 0x0000000080000000, size: 2048 MB, Compressed Oops mode: 32-bit

CDS archive(s) mapped at: [0x000001db80000000-0x000001db80ba0000-0x000001db80ba0000), size 12189696, SharedBaseAddress: 0x000001db80000000, ArchiveRelocationMode: 1.
Compressed class space mapped at: 0x000001db81000000-0x000001dbc1000000, reserved size: 1073741824
Narrow klass base: 0x000001db80000000, Narrow klass shift: 0, Narrow klass range: 0x100000000

GC Precious Log:
 CardTable entry size: 512
 CPUs: 4 total, 4 available
 Memory: 3918M
 Large Page Support: Disabled
 NUMA Support: Disabled
 Compressed Oops: Enabled (32-bit)
 Alignments: Space 512K, Generation 512K, Heap 2M
 Heap Min Capacity: 100M
 Heap Initial Capacity: 100M
 Heap Max Capacity: 2G
 Pre-touch: Disabled
 Parallel Workers: 4

Heap:
 PSYoungGen      total 10240K, used 7875K [0x00000000d5580000, 0x00000000d6100000, 0x0000000100000000)
  eden space 8704K, 75% used [0x00000000d5580000,0x00000000d5be8590,0x00000000d5e00000)
  from space 1536K, 85% used [0x00000000d5e00000,0x00000000d5f48758,0x00000000d5f80000)
  to   space 1536K, 0% used [0x00000000d5f80000,0x00000000d5f80000,0x00000000d6100000)
 ParOldGen       total 214016K, used 213609K [0x0000000080000000, 0x000000008d100000, 0x00000000d5580000)
  object space 214016K, 99% used [0x0000000080000000,0x000000008d09a748,0x000000008d100000)
 Metaspace       used 74040K, committed 75584K, reserved 1179648K
  class space    used 7917K, committed 8576K, reserved 1048576K

Card table byte_map: [0x000001dbe3d10000,0x000001dbe4120000] _byte_map_base: 0x000001dbe3910000

Marking Bits: (ParMarkBitMap*) 0x00007ff894652460
 Begin Bits: [0x000001dbf67f0000, 0x000001dbf87f0000)
 End Bits:   [0x000001dbf87f0000, 0x000001dbfa7f0000)

Polling page: 0x000001dbe3b00000

Metaspace:

Usage:
  Non-class:     64.57 MB used.
      Class:      7.73 MB used.
       Both:     72.30 MB used.

Virtual space:
  Non-class space:      128.00 MB reserved,      65.44 MB ( 51%) committed,  2 nodes.
      Class space:        1.00 GB reserved,       8.38 MB ( <1%) committed,  1 nodes.
             Both:        1.12 GB reserved,      73.81 MB (  6%) committed. 

Chunk freelists:
   Non-Class:  14.00 MB
       Class:  7.60 MB
        Both:  21.60 MB

MaxMetaspaceSize: unlimited
CompressedClassSpaceSize: 1.00 GB
Initial GC threshold: 21.00 MB
Current GC threshold: 97.31 MB
CDS: on
 - commit_granule_bytes: 65536.
 - commit_granule_words: 8192.
 - virtual_space_node_default_size: 8388608.
 - enlarge_chunks_in_place: 1.
 - use_allocation_guard: 0.


Internal statistics:

num_allocs_failed_limit: 11.
num_arena_births: 1262.
num_arena_deaths: 14.
num_vsnodes_births: 3.
num_vsnodes_deaths: 0.
num_space_committed: 1181.
num_space_uncommitted: 0.
num_chunks_returned_to_freelist: 25.
num_chunks_taken_from_freelist: 4562.
num_chunk_merges: 13.
num_chunk_splits: 2806.
num_chunks_enlarged: 1576.
num_inconsistent_stats: 0.

CodeHeap 'non-profiled nmethods': size=120000Kb used=7674Kb max_used=7674Kb free=112325Kb
 bounds [0x000001dbef010000, 0x000001dbef790000, 0x000001dbf6540000]
CodeHeap 'profiled nmethods': size=120000Kb used=26008Kb max_used=26008Kb free=93991Kb
 bounds [0x000001dbe7540000, 0x000001dbe8eb0000, 0x000001dbeea70000]
CodeHeap 'non-nmethods': size=5760Kb used=1484Kb max_used=1509Kb free=4276Kb
 bounds [0x000001dbeea70000, 0x000001dbeece0000, 0x000001dbef010000]
CodeCache: size=245760Kb, used=35166Kb, max_used=35191Kb, free=210592Kb
 total_blobs=12655, nmethods=11841, adapters=721, full_count=0
Compilation: enabled, stopped_count=0, restarted_count=0

Compilation events (20 events):
Event: 368.294 Thread 0x000001dbfad98150 12656       1       org.eclipse.core.internal.jobs.JobManager::isActive (5 bytes)
Event: 368.294 Thread 0x000001dbfad98150 nmethod 12656 0x000001dbef78e590 code [0x000001dbef78e720, 0x000001dbef78e7f0]
Event: 374.224 Thread 0x000001dbfad21c40 12657       4       java.lang.Thread::interrupted (7 bytes)
Event: 374.229 Thread 0x000001dbfad21c40 nmethod 12657 0x000001dbef78e890 code [0x000001dbef78ea20, 0x000001dbef78ead8]
Event: 382.240 Thread 0x000001dbfad98150 12658       3       java.util.concurrent.ScheduledThreadPoolExecutor$ScheduledFutureTask::getDelay (16 bytes)
Event: 382.241 Thread 0x000001dbfad98150 nmethod 12658 0x000001dbe8e9b790 code [0x000001dbe8e9b940, 0x000001dbe8e9bad8]
Event: 384.275 Thread 0x000001dbfad98150 12659   !   3       java.util.concurrent.ThreadPoolExecutor::tryTerminate (177 bytes)
Event: 384.309 Thread 0x000001dbfad98150 nmethod 12659 0x000001dbe8e9bb90 code [0x000001dbe8e9c160, 0x000001dbe8e9eee8]
Event: 386.226 Thread 0x000001dbfad98150 12660   !   3       java.util.concurrent.ThreadPoolExecutor::purge (131 bytes)
Event: 386.229 Thread 0x000001dbfad98150 nmethod 12660 0x000001dbe8ea0210 code [0x000001dbe8ea04c0, 0x000001dbe8ea13f8]
Event: 386.229 Thread 0x000001dbfad98150 12661   !   3       java.util.concurrent.ScheduledThreadPoolExecutor$DelayedWorkQueue::iterator (45 bytes)
Event: 386.234 Thread 0x000001dbfad98150 nmethod 12661 0x000001dbe8ea1810 code [0x000001dbe8ea1a80, 0x000001dbe8ea26d0]
Event: 408.239 Thread 0x000001dbfad98150 12662       3       java.util.concurrent.ScheduledThreadPoolExecutor$DelayedWorkQueue$Itr::hasNext (18 bytes)
Event: 408.239 Thread 0x000001dbfad98150 nmethod 12662 0x000001dbe8ea2b90 code [0x000001dbe8ea2d40, 0x000001dbe8ea2eb0]
Event: 414.241 Thread 0x000001dbfad98150 12663       3       java.util.concurrent.TimeUnit::convert (73 bytes)
Event: 414.242 Thread 0x000001dbfad98150 nmethod 12663 0x000001dbe8ea2f90 code [0x000001dbe8ea31a0, 0x000001dbe8ea3538]
Event: 432.228 Thread 0x000001dbfad98150 12664       3       java.util.concurrent.ScheduledThreadPoolExecutor$ScheduledFutureTask::isPeriodic (15 bytes)
Event: 432.229 Thread 0x000001dbfad98150 nmethod 12664 0x000001dbe8ea3710 code [0x000001dbe8ea38a0, 0x000001dbe8ea3a08]
Event: 434.593 Thread 0x000001dbfad98150 12666   !   3       java.util.concurrent.ScheduledThreadPoolExecutor$DelayedWorkQueue::take (203 bytes)
Event: 434.798 Thread 0x000001dbfad98150 nmethod 12666 0x000001dbe8ea3a90 code [0x000001dbe8ea3e60, 0x000001dbe8ea5700]

GC Heap History (20 events):
Event: 130.930 GC heap before
{Heap before GC invocations=213 (full 3):
 PSYoungGen      total 10752K, used 10752K [0x00000000d5580000, 0x00000000d6280000, 0x0000000100000000)
  eden space 10240K, 100% used [0x00000000d5580000,0x00000000d5f80000,0x00000000d5f80000)
  from space 512K, 100% used [0x00000000d6080000,0x00000000d6100000,0x00000000d6100000)
  to   space 1536K, 0% used [0x00000000d6100000,0x00000000d6100000,0x00000000d6280000)
 ParOldGen       total 208384K, used 208193K [0x0000000080000000, 0x000000008cb80000, 0x00000000d5580000)
  object space 208384K, 99% used [0x0000000080000000,0x000000008cb505f8,0x000000008cb80000)
 Metaspace       used 68201K, committed 69696K, reserved 1114112K
  class space    used 7229K, committed 7872K, reserved 1048576K
}
Event: 130.933 GC heap after
{Heap after GC invocations=213 (full 3):
 PSYoungGen      total 11264K, used 969K [0x00000000d5580000, 0x00000000d6200000, 0x0000000100000000)
  eden space 10240K, 0% used [0x00000000d5580000,0x00000000d5580000,0x00000000d5f80000)
  from space 1024K, 94% used [0x00000000d6100000,0x00000000d61f2420,0x00000000d6200000)
  to   space 1024K, 0% used [0x00000000d6000000,0x00000000d6000000,0x00000000d6100000)
 ParOldGen       total 208896K, used 208667K [0x0000000080000000, 0x000000008cc00000, 0x00000000d5580000)
  object space 208896K, 99% used [0x0000000080000000,0x000000008cbc6d80,0x000000008cc00000)
 Metaspace       used 68201K, committed 69696K, reserved 1114112K
  class space    used 7229K, committed 7872K, reserved 1048576K
}
Event: 340.483 GC heap before
{Heap before GC invocations=214 (full 3):
 PSYoungGen      total 11264K, used 11209K [0x00000000d5580000, 0x00000000d6200000, 0x0000000100000000)
  eden space 10240K, 100% used [0x00000000d5580000,0x00000000d5f80000,0x00000000d5f80000)
  from space 1024K, 94% used [0x00000000d6100000,0x00000000d61f2420,0x00000000d6200000)
  to   space 1024K, 0% used [0x00000000d6000000,0x00000000d6000000,0x00000000d6100000)
 ParOldGen       total 208896K, used 208667K [0x0000000080000000, 0x000000008cc00000, 0x00000000d5580000)
  object space 208896K, 99% used [0x0000000080000000,0x000000008cbc6d80,0x000000008cc00000)
 Metaspace       used 68776K, committed 70272K, reserved 1114112K
  class space    used 7298K, committed 7936K, reserved 1048576K
}
Event: 340.562 GC heap after
{Heap after GC invocations=214 (full 3):
 PSYoungGen      total 11264K, used 560K [0x00000000d5580000, 0x00000000d6180000, 0x0000000100000000)
  eden space 10240K, 0% used [0x00000000d5580000,0x00000000d5580000,0x00000000d5f80000)
  from space 1024K, 54% used [0x00000000d6000000,0x00000000d608c030,0x00000000d6100000)
  to   space 512K, 0% used [0x00000000d6100000,0x00000000d6100000,0x00000000d6180000)
 ParOldGen       total 209408K, used 209123K [0x0000000080000000, 0x000000008cc80000, 0x00000000d5580000)
  object space 209408K, 99% used [0x0000000080000000,0x000000008cc38d90,0x000000008cc80000)
 Metaspace       used 68776K, committed 70272K, reserved 1114112K
  class space    used 7298K, committed 7936K, reserved 1048576K
}
Event: 340.975 GC heap before
{Heap before GC invocations=215 (full 3):
 PSYoungGen      total 11264K, used 10800K [0x00000000d5580000, 0x00000000d6180000, 0x0000000100000000)
  eden space 10240K, 100% used [0x00000000d5580000,0x00000000d5f80000,0x00000000d5f80000)
  from space 1024K, 54% used [0x00000000d6000000,0x00000000d608c030,0x00000000d6100000)
  to   space 512K, 0% used [0x00000000d6100000,0x00000000d6100000,0x00000000d6180000)
 ParOldGen       total 209408K, used 209123K [0x0000000080000000, 0x000000008cc80000, 0x00000000d5580000)
  object space 209408K, 99% used [0x0000000080000000,0x000000008cc38d90,0x000000008cc80000)
 Metaspace       used 68782K, committed 70272K, reserved 1114112K
  class space    used 7298K, committed 7936K, reserved 1048576K
}
Event: 340.983 GC heap after
{Heap after GC invocations=215 (full 3):
 PSYoungGen      total 9216K, used 482K [0x00000000d5580000, 0x00000000d6580000, 0x0000000100000000)
  eden space 8704K, 0% used [0x00000000d5580000,0x00000000d5580000,0x00000000d5e00000)
  from space 512K, 94% used [0x00000000d6100000,0x00000000d6178b48,0x00000000d6180000)
  to   space 3072K, 0% used [0x00000000d5e00000,0x00000000d5e00000,0x00000000d6100000)
 ParOldGen       total 211456K, used 211162K [0x0000000080000000, 0x000000008ce80000, 0x00000000d5580000)
  object space 211456K, 99% used [0x0000000080000000,0x000000008ce36b68,0x000000008ce80000)
 Metaspace       used 68782K, committed 70272K, reserved 1114112K
  class space    used 7298K, committed 7936K, reserved 1048576K
}
Event: 341.460 GC heap before
{Heap before GC invocations=216 (full 3):
 PSYoungGen      total 9216K, used 9186K [0x00000000d5580000, 0x00000000d6580000, 0x0000000100000000)
  eden space 8704K, 100% used [0x00000000d5580000,0x00000000d5e00000,0x00000000d5e00000)
  from space 512K, 94% used [0x00000000d6100000,0x00000000d6178b48,0x00000000d6180000)
  to   space 3072K, 0% used [0x00000000d5e00000,0x00000000d5e00000,0x00000000d6100000)
 ParOldGen       total 211456K, used 211162K [0x0000000080000000, 0x000000008ce80000, 0x00000000d5580000)
  object space 211456K, 99% used [0x0000000080000000,0x000000008ce36b68,0x000000008ce80000)
 Metaspace       used 68782K, committed 70272K, reserved 1114112K
  class space    used 7298K, committed 7936K, reserved 1048576K
}
Event: 341.461 GC heap after
{Heap after GC invocations=216 (full 3):
 PSYoungGen      total 9216K, used 196K [0x00000000d5580000, 0x00000000d6180000, 0x0000000100000000)
  eden space 8704K, 0% used [0x00000000d5580000,0x00000000d5580000,0x00000000d5e00000)
  from space 512K, 38% used [0x00000000d5e00000,0x00000000d5e311f0,0x00000000d5e80000)
  to   space 1536K, 0% used [0x00000000d6000000,0x00000000d6000000,0x00000000d6180000)
 ParOldGen       total 211456K, used 211218K [0x0000000080000000, 0x000000008ce80000, 0x00000000d5580000)
  object space 211456K, 99% used [0x0000000080000000,0x000000008ce44b68,0x000000008ce80000)
 Metaspace       used 68782K, committed 70272K, reserved 1114112K
  class space    used 7298K, committed 7936K, reserved 1048576K
}
Event: 344.314 GC heap before
{Heap before GC invocations=217 (full 3):
 PSYoungGen      total 9216K, used 8898K [0x00000000d5580000, 0x00000000d6180000, 0x0000000100000000)
  eden space 8704K, 99% used [0x00000000d5580000,0x00000000d5dff740,0x00000000d5e00000)
  from space 512K, 38% used [0x00000000d5e00000,0x00000000d5e311f0,0x00000000d5e80000)
  to   space 1536K, 0% used [0x00000000d6000000,0x00000000d6000000,0x00000000d6180000)
 ParOldGen       total 211456K, used 211218K [0x0000000080000000, 0x000000008ce80000, 0x00000000d5580000)
  object space 211456K, 99% used [0x0000000080000000,0x000000008ce44b68,0x000000008ce80000)
 Metaspace       used 69121K, committed 70656K, reserved 1114112K
  class space    used 7328K, committed 8000K, reserved 1048576K
}
Event: 344.320 GC heap after
{Heap after GC invocations=217 (full 3):
 PSYoungGen      total 9216K, used 312K [0x00000000d5580000, 0x00000000d6080000, 0x0000000100000000)
  eden space 8704K, 0% used [0x00000000d5580000,0x00000000d5580000,0x00000000d5e00000)
  from space 512K, 61% used [0x00000000d6000000,0x00000000d604e3f0,0x00000000d6080000)
  to   space 512K, 0% used [0x00000000d5e00000,0x00000000d5e00000,0x00000000d5e80000)
 ParOldGen       total 211456K, used 211274K [0x0000000080000000, 0x000000008ce80000, 0x00000000d5580000)
  object space 211456K, 99% used [0x0000000080000000,0x000000008ce52b68,0x000000008ce80000)
 Metaspace       used 69121K, committed 70656K, reserved 1114112K
  class space    used 7328K, committed 8000K, reserved 1048576K
}
Event: 345.152 GC heap before
{Heap before GC invocations=218 (full 3):
 PSYoungGen      total 9216K, used 9016K [0x00000000d5580000, 0x00000000d6080000, 0x0000000100000000)
  eden space 8704K, 100% used [0x00000000d5580000,0x00000000d5e00000,0x00000000d5e00000)
  from space 512K, 61% used [0x00000000d6000000,0x00000000d604e3f0,0x00000000d6080000)
  to   space 512K, 0% used [0x00000000d5e00000,0x00000000d5e00000,0x00000000d5e80000)
 ParOldGen       total 211456K, used 211274K [0x0000000080000000, 0x000000008ce80000, 0x00000000d5580000)
  object space 211456K, 99% used [0x0000000080000000,0x000000008ce52b68,0x000000008ce80000)
 Metaspace       used 70277K, committed 71872K, reserved 1114112K
  class space    used 7458K, committed 8128K, reserved 1048576K
}
Event: 345.154 GC heap after
{Heap after GC invocations=218 (full 3):
 PSYoungGen      total 9216K, used 337K [0x00000000d5580000, 0x00000000d6080000, 0x0000000100000000)
  eden space 8704K, 0% used [0x00000000d5580000,0x00000000d5580000,0x00000000d5e00000)
  from space 512K, 65% used [0x00000000d5e00000,0x00000000d5e545c8,0x00000000d5e80000)
  to   space 512K, 0% used [0x00000000d6000000,0x00000000d6000000,0x00000000d6080000)
 ParOldGen       total 211968K, used 211466K [0x0000000080000000, 0x000000008cf00000, 0x00000000d5580000)
  object space 211968K, 99% used [0x0000000080000000,0x000000008ce82b68,0x000000008cf00000)
 Metaspace       used 70277K, committed 71872K, reserved 1114112K
  class space    used 7458K, committed 8128K, reserved 1048576K
}
Event: 345.720 GC heap before
{Heap before GC invocations=219 (full 3):
 PSYoungGen      total 9216K, used 9041K [0x00000000d5580000, 0x00000000d6080000, 0x0000000100000000)
  eden space 8704K, 100% used [0x00000000d5580000,0x00000000d5e00000,0x00000000d5e00000)
  from space 512K, 65% used [0x00000000d5e00000,0x00000000d5e545c8,0x00000000d5e80000)
  to   space 512K, 0% used [0x00000000d6000000,0x00000000d6000000,0x00000000d6080000)
 ParOldGen       total 211968K, used 211526K [0x0000000080000000, 0x000000008cf00000, 0x00000000d5580000)
  object space 211968K, 99% used [0x0000000080000000,0x000000008ce919e8,0x000000008cf00000)
 Metaspace       used 71071K, committed 72640K, reserved 1114112K
  class space    used 7611K, committed 8256K, reserved 1048576K
}
Event: 345.722 GC heap after
{Heap after GC invocations=219 (full 3):
 PSYoungGen      total 9216K, used 331K [0x00000000d5580000, 0x00000000d6080000, 0x0000000100000000)
  eden space 8704K, 0% used [0x00000000d5580000,0x00000000d5580000,0x00000000d5e00000)
  from space 512K, 64% used [0x00000000d6000000,0x00000000d6052e60,0x00000000d6080000)
  to   space 512K, 0% used [0x00000000d5e00000,0x00000000d5e00000,0x00000000d5e80000)
 ParOldGen       total 211968K, used 211741K [0x0000000080000000, 0x000000008cf00000, 0x00000000d5580000)
  object space 211968K, 99% used [0x0000000080000000,0x000000008cec75c8,0x000000008cf00000)
 Metaspace       used 71071K, committed 72640K, reserved 1114112K
  class space    used 7611K, committed 8256K, reserved 1048576K
}
Event: 345.945 GC heap before
{Heap before GC invocations=220 (full 3):
 PSYoungGen      total 9216K, used 9035K [0x00000000d5580000, 0x00000000d6080000, 0x0000000100000000)
  eden space 8704K, 99% used [0x00000000d5580000,0x00000000d5dffff8,0x00000000d5e00000)
  from space 512K, 64% used [0x00000000d6000000,0x00000000d6052e60,0x00000000d6080000)
  to   space 512K, 0% used [0x00000000d5e00000,0x00000000d5e00000,0x00000000d5e80000)
 ParOldGen       total 211968K, used 211744K [0x0000000080000000, 0x000000008cf00000, 0x00000000d5580000)
  object space 211968K, 99% used [0x0000000080000000,0x000000008cec8080,0x000000008cf00000)
 Metaspace       used 72192K, committed 73792K, reserved 1179648K
  class space    used 7727K, committed 8384K, reserved 1048576K
}
Event: 345.951 GC heap after
{Heap after GC invocations=220 (full 3):
 PSYoungGen      total 9216K, used 420K [0x00000000d5580000, 0x00000000d6080000, 0x0000000100000000)
  eden space 8704K, 0% used [0x00000000d5580000,0x00000000d5580000,0x00000000d5e00000)
  from space 512K, 82% used [0x00000000d5e00000,0x00000000d5e69268,0x00000000d5e80000)
  to   space 512K, 0% used [0x00000000d6000000,0x00000000d6000000,0x00000000d6080000)
 ParOldGen       total 211968K, used 211963K [0x0000000080000000, 0x000000008cf00000, 0x00000000d5580000)
  object space 211968K, 99% used [0x0000000080000000,0x000000008cefef00,0x000000008cf00000)
 Metaspace       used 72192K, committed 73792K, reserved 1179648K
  class space    used 7727K, committed 8384K, reserved 1048576K
}
Event: 347.150 GC heap before
{Heap before GC invocations=221 (full 3):
 PSYoungGen      total 9216K, used 9124K [0x00000000d5580000, 0x00000000d6080000, 0x0000000100000000)
  eden space 8704K, 100% used [0x00000000d5580000,0x00000000d5e00000,0x00000000d5e00000)
  from space 512K, 82% used [0x00000000d5e00000,0x00000000d5e69268,0x00000000d5e80000)
  to   space 512K, 0% used [0x00000000d6000000,0x00000000d6000000,0x00000000d6080000)
 ParOldGen       total 211968K, used 211963K [0x0000000080000000, 0x000000008cf00000, 0x00000000d5580000)
  object space 211968K, 99% used [0x0000000080000000,0x000000008cefef00,0x000000008cf00000)
 Metaspace       used 72804K, committed 74368K, reserved 1179648K
  class space    used 7792K, committed 8448K, reserved 1048576K
}
Event: 347.169 GC heap after
{Heap after GC invocations=221 (full 3):
 PSYoungGen      total 9216K, used 512K [0x00000000d5580000, 0x00000000d6200000, 0x0000000100000000)
  eden space 8704K, 0% used [0x00000000d5580000,0x00000000d5580000,0x00000000d5e00000)
  from space 512K, 100% used [0x00000000d6000000,0x00000000d6080000,0x00000000d6080000)
  to   space 2048K, 0% used [0x00000000d5e00000,0x00000000d5e00000,0x00000000d6000000)
 ParOldGen       total 213504K, used 213103K [0x0000000080000000, 0x000000008d080000, 0x00000000d5580000)
  object space 213504K, 99% used [0x0000000080000000,0x000000008d01bf88,0x000000008d080000)
 Metaspace       used 72804K, committed 74368K, reserved 1179648K
  class space    used 7792K, committed 8448K, reserved 1048576K
}
Event: 347.918 GC heap before
{Heap before GC invocations=222 (full 3):
 PSYoungGen      total 9216K, used 9216K [0x00000000d5580000, 0x00000000d6200000, 0x0000000100000000)
  eden space 8704K, 100% used [0x00000000d5580000,0x00000000d5e00000,0x00000000d5e00000)
  from space 512K, 100% used [0x00000000d6000000,0x00000000d6080000,0x00000000d6080000)
  to   space 2048K, 0% used [0x00000000d5e00000,0x00000000d5e00000,0x00000000d6000000)
 ParOldGen       total 213504K, used 213103K [0x0000000080000000, 0x000000008d080000, 0x00000000d5580000)
  object space 213504K, 99% used [0x0000000080000000,0x000000008d01bf88,0x000000008d080000)
 Metaspace       used 73574K, committed 75136K, reserved 1179648K
  class space    used 7874K, committed 8512K, reserved 1048576K
}
Event: 347.924 GC heap after
{Heap after GC invocations=222 (full 3):
 PSYoungGen      total 10240K, used 1313K [0x00000000d5580000, 0x00000000d6100000, 0x0000000100000000)
  eden space 8704K, 0% used [0x00000000d5580000,0x00000000d5580000,0x00000000d5e00000)
  from space 1536K, 85% used [0x00000000d5e00000,0x00000000d5f48758,0x00000000d5f80000)
  to   space 1536K, 0% used [0x00000000d5f80000,0x00000000d5f80000,0x00000000d6100000)
 ParOldGen       total 214016K, used 213609K [0x0000000080000000, 0x000000008d100000, 0x00000000d5580000)
  object space 214016K, 99% used [0x0000000080000000,0x000000008d09a748,0x000000008d100000)
 Metaspace       used 73574K, committed 75136K, reserved 1179648K
  class space    used 7874K, committed 8512K, reserved 1048576K
}

Dll operation events (12 events):
Event: 0.017 Loaded shared library c:\Users\ashis\.vscode\extensions\redhat.java-1.52.0-win32-x64\jre\21.0.9-win32-x86_64\bin\java.dll
Event: 0.463 Loaded shared library c:\Users\ashis\.vscode\extensions\redhat.java-1.52.0-win32-x64\jre\21.0.9-win32-x86_64\bin\zip.dll
Event: 0.515 Loaded shared library C:\Users\ashis\.vscode\extensions\redhat.java-1.52.0-win32-x64\jre\21.0.9-win32-x86_64\bin\instrument.dll
Event: 0.525 Loaded shared library C:\Users\ashis\.vscode\extensions\redhat.java-1.52.0-win32-x64\jre\21.0.9-win32-x86_64\bin\net.dll
Event: 0.540 Loaded shared library C:\Users\ashis\.vscode\extensions\redhat.java-1.52.0-win32-x64\jre\21.0.9-win32-x86_64\bin\nio.dll
Event: 0.608 Loaded shared library C:\Users\ashis\.vscode\extensions\redhat.java-1.52.0-win32-x64\jre\21.0.9-win32-x86_64\bin\zip.dll
Event: 0.729 Loaded shared library C:\Users\ashis\.vscode\extensions\redhat.java-1.52.0-win32-x64\jre\21.0.9-win32-x86_64\bin\jimage.dll
Event: 1.358 Loaded shared library c:\Users\ashis\.vscode\extensions\redhat.java-1.52.0-win32-x64\jre\21.0.9-win32-x86_64\bin\verify.dll
Event: 28.597 Loaded shared library C:\Users\ashis\AppData\Roaming\Code\User\globalStorage\redhat.java\1.52.0\config_win\org.eclipse.equinox.launcher\org.eclipse.equinox.launcher.win32.win32.x86_64_1.2.1500.v20260121-1430\eclipse_11919.dll
Event: 68.103 Loaded shared library C:\Users\ashis\AppData\Local\Temp\jna-93110816\jna8797517421273661202.dll
Event: 73.872 Loaded shared library C:\Users\ashis\.vscode\extensions\redhat.java-1.52.0-win32-x64\jre\21.0.9-win32-x86_64\bin\sunmscapi.dll
Event: 75.487 Loaded shared library C:\Users\ashis\.vscode\extensions\redhat.java-1.52.0-win32-x64\jre\21.0.9-win32-x86_64\bin\extnet.dll

Deoptimization events (20 events):
Event: 347.753 Thread 0x000001dbc857b130 Uncommon trap: trap_request=0xffffff45 fr.pc=0x000001dbef1dfda4 relative=0x00000000000000e4
Event: 347.753 Thread 0x000001dbc857b130 Uncommon trap: reason=unstable_if action=reinterpret pc=0x000001dbef1dfda4 method=java.lang.invoke.MethodType.equals(Ljava/lang/invoke/MethodType;)Z @ 22 c2
Event: 347.753 Thread 0x000001dbc857b130 DEOPT PACKING pc=0x000001dbef1dfda4 sp=0x0000008d41dfd8d0
Event: 347.753 Thread 0x000001dbc857b130 DEOPT UNPACKING pc=0x000001dbeeac3a9c sp=0x0000008d41dfd7f8 mode 2
Event: 347.753 Thread 0x000001dbc857b130 Uncommon trap: trap_request=0xffffff45 fr.pc=0x000001dbef70261c relative=0x0000000000000edc
Event: 347.753 Thread 0x000001dbc857b130 Uncommon trap: reason=unstable_if action=reinterpret pc=0x000001dbef70261c method=java.util.concurrent.ConcurrentHashMap.putVal(Ljava/lang/Object;Ljava/lang/Object;Z)Ljava/lang/Object; @ 162 c2
Event: 347.753 Thread 0x000001dbc857b130 DEOPT PACKING pc=0x000001dbef70261c sp=0x0000008d41dfd840
Event: 347.753 Thread 0x000001dbc857b130 DEOPT UNPACKING pc=0x000001dbeeac3a9c sp=0x0000008d41dfd7d8 mode 2
Event: 347.936 Thread 0x000001dbc857b130 DEOPT PACKING pc=0x000001dbe84180a3 sp=0x0000008d41df8770
Event: 347.936 Thread 0x000001dbc857b130 DEOPT UNPACKING pc=0x000001dbeeac4223 sp=0x0000008d41df7c38 mode 0
Event: 348.030 Thread 0x000001dbc857b130 Uncommon trap: trap_request=0xffffffde fr.pc=0x000001dbef070918 relative=0x0000000000000078
Event: 348.030 Thread 0x000001dbc857b130 Uncommon trap: reason=class_check action=maybe_recompile pc=0x000001dbef070918 method=java.util.LinkedHashMap.afterNodeInsertion(Z)V @ 15 c2
Event: 348.030 Thread 0x000001dbc857b130 DEOPT PACKING pc=0x000001dbef070918 sp=0x0000008d41dfe9d0
Event: 348.030 Thread 0x000001dbc857b130 DEOPT UNPACKING pc=0x000001dbeeac3a9c sp=0x0000008d41dfe948 mode 2
Event: 354.491 Thread 0x000001dbc681b8f0 DEOPT PACKING pc=0x000001dbe89f521c sp=0x0000008d426ff0c0
Event: 354.491 Thread 0x000001dbc681b8f0 DEOPT UNPACKING pc=0x000001dbeeac4223 sp=0x0000008d426fe580 mode 0
Event: 369.513 Thread 0x000001dbc577a6f0 DEOPT PACKING pc=0x000001dbe89f521c sp=0x0000008d412ff230
Event: 369.515 Thread 0x000001dbc577a6f0 DEOPT UNPACKING pc=0x000001dbeeac4223 sp=0x0000008d412fe6f0 mode 0
Event: 405.257 Thread 0x000001dbc85796f0 DEOPT PACKING pc=0x000001dbe89f521c sp=0x0000008d42afefc0
Event: 405.259 Thread 0x000001dbc85796f0 DEOPT UNPACKING pc=0x000001dbeeac4223 sp=0x0000008d42afe480 mode 0

Classes loaded (20 events):
Event: 346.364 Loading class java/util/TaskQueue
Event: 346.365 Loading class java/util/TaskQueue done
Event: 346.365 Loading class java/util/TimerThread
Event: 346.365 Loading class java/util/TimerThread done
Event: 346.365 Loading class java/util/Timer$ThreadReaper
Event: 346.365 Loading class java/util/Timer$ThreadReaper done
Event: 346.371 Loading class java/util/concurrent/CompletableFuture$UniWhenComplete
Event: 346.373 Loading class java/util/concurrent/CompletableFuture$UniWhenComplete done
Event: 346.376 Loading class java/util/concurrent/CompletableFuture$UniCompose
Event: 346.377 Loading class java/util/concurrent/CompletableFuture$UniCompose done
Event: 346.378 Loading class java/util/concurrent/CompletableFuture$UniRelay
Event: 346.378 Loading class java/util/concurrent/CompletableFuture$UniRelay done
Event: 347.227 Loading class jdk/internal/ref/CleanerImpl$InnocuousThreadFactory
Event: 347.231 Loading class jdk/internal/ref/CleanerImpl$InnocuousThreadFactory done
Event: 357.501 Loading class java/lang/ProcessHandleImpl$ExitCompletion
Event: 357.501 Loading class java/lang/ProcessHandleImpl$ExitCompletion done
Event: 357.502 Loading class java/lang/ProcessHandleImpl$1
Event: 357.502 Loading class java/lang/ProcessHandleImpl$1 done
Event: 357.633 Loading class java/util/concurrent/CompletableFuture$UniHandle
Event: 357.636 Loading class java/util/concurrent/CompletableFuture$UniHandle done

Classes unloaded (7 events):
Event: 70.388 Thread 0x000001dbfad0e750 Unloading class 0x000001db811ac000 'java/lang/invoke/LambdaForm$MH+0x000001db811ac000'
Event: 70.388 Thread 0x000001dbfad0e750 Unloading class 0x000001db811abc00 'java/lang/invoke/LambdaForm$MH+0x000001db811abc00'
Event: 70.388 Thread 0x000001dbfad0e750 Unloading class 0x000001db811ab800 'java/lang/invoke/LambdaForm$MH+0x000001db811ab800'
Event: 70.388 Thread 0x000001dbfad0e750 Unloading class 0x000001db811ab400 'java/lang/invoke/LambdaForm$MH+0x000001db811ab400'
Event: 70.388 Thread 0x000001dbfad0e750 Unloading class 0x000001db811ab000 'java/lang/invoke/LambdaForm$BMH+0x000001db811ab000'
Event: 70.388 Thread 0x000001dbfad0e750 Unloading class 0x000001db811aac00 'java/lang/invoke/LambdaForm$DMH+0x000001db811aac00'
Event: 70.388 Thread 0x000001dbfad0e750 Unloading class 0x000001db811a9800 'java/lang/invoke/LambdaForm$DMH+0x000001db811a9800'

Classes redefined (0 events):
No events

Internal exceptions (20 events):
Event: 130.935 Thread 0x000001dbc5e1cec0 Exception <a 'java/lang/NoSuchMethodError'{0x00000000d55bfde0}: 'java.lang.Object java.lang.invoke.DirectMethodHandle$Holder.invokeStatic(java.lang.Object, java.lang.Object, int, java.lang.Object)'> (0x00000000d55bfde0) 
thrown [s\src\hotspot\share\interpreter\linkResolver.cpp, line 773]
Event: 130.936 Thread 0x000001dbc5e1cec0 Exception <a 'java/lang/NoSuchMethodError'{0x00000000d5636430}: 'java.lang.Object java.lang.invoke.DirectMethodHandle$Holder.newInvokeSpecial(java.lang.Object, java.lang.Object, int)'> (0x00000000d5636430) 
thrown [s\src\hotspot\share\interpreter\linkResolver.cpp, line 773]
Event: 340.306 Thread 0x000001dbc857d200 Exception <a 'sun/nio/fs/WindowsException'{0x00000000d5e8ef48}> (0x00000000d5e8ef48) 
thrown [s\src\hotspot\share\prims\jni.cpp, line 520]
Event: 340.306 Thread 0x000001dbc857d200 Exception <a 'sun/nio/fs/WindowsException'{0x00000000d5e8fa68}> (0x00000000d5e8fa68) 
thrown [s\src\hotspot\share\prims\jni.cpp, line 520]
Event: 340.310 Thread 0x000001dbc857d200 Exception <a 'sun/nio/fs/WindowsException'{0x00000000d5e90ee0}> (0x00000000d5e90ee0) 
thrown [s\src\hotspot\share\prims\jni.cpp, line 520]
Event: 340.310 Thread 0x000001dbc857d200 Exception <a 'sun/nio/fs/WindowsException'{0x00000000d5e91c80}> (0x00000000d5e91c80) 
thrown [s\src\hotspot\share\prims\jni.cpp, line 520]
Event: 340.318 Thread 0x000001dbc857d200 Exception <a 'sun/nio/fs/WindowsException'{0x00000000d5e93cb8}> (0x00000000d5e93cb8) 
thrown [s\src\hotspot\share\prims\jni.cpp, line 520]
Event: 340.318 Thread 0x000001dbc857d200 Exception <a 'sun/nio/fs/WindowsException'{0x00000000d5e94508}> (0x00000000d5e94508) 
thrown [s\src\hotspot\share\prims\jni.cpp, line 520]
Event: 340.406 Thread 0x000001dbc857d200 Exception <a 'sun/nio/fs/WindowsException'{0x00000000d5eae790}> (0x00000000d5eae790) 
thrown [s\src\hotspot\share\prims\jni.cpp, line 520]
Event: 340.406 Thread 0x000001dbc857d200 Exception <a 'sun/nio/fs/WindowsException'{0x00000000d5eaf290}> (0x00000000d5eaf290) 
thrown [s\src\hotspot\share\prims\jni.cpp, line 520]
Event: 343.054 Thread 0x000001dbc681abd0 Exception <a 'java/lang/IncompatibleClassChangeError'{0x00000000d59f7bf0}: Found class java.lang.Object, but interface was expected> (0x00000000d59f7bf0) 
thrown [s\src\hotspot\share\interpreter\linkResolver.cpp, line 840]
Event: 344.775 Thread 0x000001dbc857c4e0 Exception <a 'java/io/FileNotFoundException'{0x00000000d568ae68}> (0x00000000d568ae68) 
thrown [s\src\hotspot\share\prims\jni.cpp, line 520]
Event: 345.359 Thread 0x000001dbc681abd0 Exception <a 'java/lang/IncompatibleClassChangeError'{0x00000000d5948200}: Found class java.lang.Object, but interface was expected> (0x00000000d5948200) 
thrown [s\src\hotspot\share\interpreter\linkResolver.cpp, line 840]
Event: 345.809 Thread 0x000001dbc857c4e0 Exception <a 'java/lang/NoSuchMethodError'{0x00000000d57fc330}: 'java.lang.Object java.lang.invoke.DirectMethodHandle$Holder.invokeVirtual(java.lang.Object, java.lang.Object, java.lang.Object, java.lang.Object)'> (0x00000000d57fc330) 
thrown [s\src\hotspot\share\interpreter\linkResolver.cpp, line 773]
Event: 345.994 Thread 0x000001dbc857b7c0 Exception <a 'java/lang/NoSuchMethodError'{0x00000000d566db88}: 'java.lang.Object java.lang.invoke.DirectMethodHandle$Holder.invokeStatic(java.lang.Object, long, java.lang.Object, java.lang.Object)'> (0x00000000d566db88) 
thrown [s\src\hotspot\share\interpreter\linkResolver.cpp, line 773]
Event: 346.121 Thread 0x000001dbc857b7c0 Exception <a 'sun/nio/fs/WindowsException'{0x00000000d59fdd70}> (0x00000000d59fdd70) 
thrown [s\src\hotspot\share\prims\jni.cpp, line 520]
Event: 346.121 Thread 0x000001dbc857b7c0 Exception <a 'sun/nio/fs/WindowsException'{0x00000000d5a611d0}> (0x00000000d5a611d0) 
thrown [s\src\hotspot\share\prims\jni.cpp, line 520]
Event: 352.851 Thread 0x000001dbc857e5b0 Exception <a 'java/lang/NoSuchMethodError'{0x00000000d5a29210}: 'long java.lang.invoke.DelegatingMethodHandle$Holder.reinvoke_L(java.lang.Object, java.lang.Object)'> (0x00000000d5a29210) 
thrown [s\src\hotspot\share\interpreter\linkResolver.cpp, line 773]
Event: 352.853 Thread 0x000001dbc857e5b0 Exception <a 'java/lang/NoSuchMethodError'{0x00000000d5a33210}: 'void java.lang.invoke.DelegatingMethodHandle$Holder.reinvoke_L(java.lang.Object, java.lang.Object, long)'> (0x00000000d5a33210) 
thrown [s\src\hotspot\share\interpreter\linkResolver.cpp, line 773]
Event: 357.649 Thread 0x000001dbc857e5b0 Exception <a 'java/lang/NoSuchMethodError'{0x00000000d5b70dc8}: 'long java.lang.invoke.Invokers$Holder.invokeExact_MT(java.lang.Object, java.lang.Object, java.lang.Object)'> (0x00000000d5b70dc8) 
thrown [s\src\hotspot\share\interpreter\linkResolver.cpp, line 773]

ZGC Phase Switch (0 events):
No events

VM Operations (20 events):
Event: 352.925 Executing VM operation: Cleanup
Event: 352.925 Executing VM operation: Cleanup done
Event: 353.926 Executing VM operation: Cleanup
Event: 353.926 Executing VM operation: Cleanup done
Event: 357.927 Executing VM operation: Cleanup
Event: 357.927 Executing VM operation: Cleanup done
Event: 361.124 Executing VM operation: HandshakeAllThreads (HandshakeForDeflation)
Event: 361.124 Executing VM operation: HandshakeAllThreads (HandshakeForDeflation) done
Event: 361.124 Executing VM operation: RendezvousGCThreads
Event: 361.124 Executing VM operation: RendezvousGCThreads done
Event: 369.128 Executing VM operation: Cleanup
Event: 369.128 Executing VM operation: Cleanup done
Event: 388.243 Executing VM operation: Cleanup
Event: 388.243 Executing VM operation: Cleanup done
Event: 409.377 Executing VM operation: Cleanup
Event: 409.377 Executing VM operation: Cleanup done
Event: 421.172 Executing VM operation: HandshakeAllThreads (HandshakeForDeflation)
Event: 421.174 Executing VM operation: HandshakeAllThreads (HandshakeForDeflation) done
Event: 421.174 Executing VM operation: RendezvousGCThreads
Event: 421.174 Executing VM operation: RendezvousGCThreads done

Memory protections (0 events):
No events

Nmethod flushes (20 events):
Event: 85.371 Thread 0x000001dbfad0e750 flushing  nmethod 0x000001dbe7f0c710
Event: 85.371 Thread 0x000001dbfad0e750 flushing  nmethod 0x000001dbe7f0ec90
Event: 85.371 Thread 0x000001dbfad0e750 flushing  nmethod 0x000001dbe7f0fb10
Event: 85.371 Thread 0x000001dbfad0e750 flushing  nmethod 0x000001dbe7f14490
Event: 85.371 Thread 0x000001dbfad0e750 flushing  nmethod 0x000001dbe7f16790
Event: 85.371 Thread 0x000001dbfad0e750 flushing  nmethod 0x000001dbe7f16b90
Event: 85.371 Thread 0x000001dbfad0e750 flushing  nmethod 0x000001dbe7f16f10
Event: 85.371 Thread 0x000001dbfad0e750 flushing  nmethod 0x000001dbe7f17490
Event: 85.371 Thread 0x000001dbfad0e750 flushing  nmethod 0x000001dbe7f18790
Event: 85.371 Thread 0x000001dbfad0e750 flushing  nmethod 0x000001dbe7f1bf90
Event: 85.371 Thread 0x000001dbfad0e750 flushing  nmethod 0x000001dbe7f23110
Event: 85.371 Thread 0x000001dbfad0e750 flushing  nmethod 0x000001dbe7f2f890
Event: 85.371 Thread 0x000001dbfad0e750 flushing  nmethod 0x000001dbe7f2fd90
Event: 85.371 Thread 0x000001dbfad0e750 flushing  nmethod 0x000001dbe7f30290
Event: 85.371 Thread 0x000001dbfad0e750 flushing  nmethod 0x000001dbe7f31490
Event: 85.371 Thread 0x000001dbfad0e750 flushing  nmethod 0x000001dbe7f31810
Event: 85.371 Thread 0x000001dbfad0e750 flushing  nmethod 0x000001dbe7f6e390
Event: 85.371 Thread 0x000001dbfad0e750 flushing  nmethod 0x000001dbe7f6eb90
Event: 85.371 Thread 0x000001dbfad0e750 flushing  nmethod 0x000001dbe7f6f190
Event: 85.371 Thread 0x000001dbfad0e750 flushing  nmethod 0x000001dbe7fa7210

Events (20 events):
Event: 190.850 Thread 0x000001dbc857df20 Thread exited: 0x000001dbc857df20
Event: 191.332 Thread 0x000001dbc5e1a0d0 Thread exited: 0x000001dbc5e1a0d0
Event: 250.856 Thread 0x000001dbc857d890 Thread exited: 0x000001dbc857d890
Event: 251.331 Thread 0x000001dbc5e1c830 Thread exited: 0x000001dbc5e1c830
Event: 251.332 Thread 0x000001dbc5e1adf0 Thread exited: 0x000001dbc5e1adf0
Event: 310.969 Thread 0x000001dbc85789d0 Thread exited: 0x000001dbc85789d0
Event: 336.717 Thread 0x000001dbc681abd0 Thread added: 0x000001dbc857d200
Event: 340.155 Thread 0x000001dbc857d200 Thread added: 0x000001dbc857b130
Event: 344.187 Thread 0x000001dbc857b130 Thread added: 0x000001dbc8577620
Event: 344.253 Thread 0x000001dbc8577620 Thread added: 0x000001dbc857c4e0
Event: 345.226 Thread 0x000001dbc857c4e0 Thread added: 0x000001dbc8579d80
Event: 345.241 Thread 0x000001dbc857c4e0 Thread added: 0x000001dbc85796f0
Event: 345.970 Thread 0x000001dbc857c4e0 Thread added: 0x000001dbc857b7c0
Event: 346.365 Thread 0x000001dbc857b7c0 Thread added: 0x000001dbc8576f90
Event: 347.232 Thread 0x000001dbc857b130 Thread added: 0x000001dbc857cb70
Event: 352.824 Thread 0x000001dbc857c4e0 Thread added: 0x000001dbc857e5b0
Event: 352.847 Thread 0x000001dbc8576f90 Thread exited: 0x000001dbc8576f90
Event: 357.571 Thread 0x000001dbc857e5b0 Thread added: 0x000001dbc8576f90
Event: 357.674 Thread 0x000001dbc857e5b0 Thread exited: 0x000001dbc857e5b0
Event: 426.654 Thread 0x000001dbc857b130 Thread exited: 0x000001dbc857b130


Dynamic libraries:
0x00007ff7bfb80000 - 0x00007ff7bfb8e000 	c:\Users\ashis\.vscode\extensions\redhat.java-1.52.0-win32-x64\jre\21.0.9-win32-x86_64\bin\java.exe
0x00007ff8e6550000 - 0x00007ff8e6748000 	C:\WINDOWS\SYSTEM32\ntdll.dll
0x00007ff8e5c70000 - 0x00007ff8e5d32000 	C:\WINDOWS\System32\KERNEL32.DLL
0x00007ff8e3be0000 - 0x00007ff8e3ed6000 	C:\WINDOWS\System32\KERNELBASE.dll
0x00007ff8e4160000 - 0x00007ff8e4260000 	C:\WINDOWS\System32\ucrtbase.dll
0x00007ff8d8c90000 - 0x00007ff8d8ca8000 	c:\Users\ashis\.vscode\extensions\redhat.java-1.52.0-win32-x64\jre\21.0.9-win32-x86_64\bin\jli.dll
0x00007ff8e5120000 - 0x00007ff8e52c1000 	C:\WINDOWS\System32\USER32.dll
0x00007ff8e42e0000 - 0x00007ff8e4302000 	C:\WINDOWS\System32\win32u.dll
0x00007ff8e4f40000 - 0x00007ff8e4f6b000 	C:\WINDOWS\System32\GDI32.dll
0x00007ff8e4040000 - 0x00007ff8e4159000 	C:\WINDOWS\System32\gdi32full.dll
0x00007ff8e43c0000 - 0x00007ff8e445d000 	C:\WINDOWS\System32\msvcp_win.dll
0x00007ff8d97c0000 - 0x00007ff8d97de000 	c:\Users\ashis\.vscode\extensions\redhat.java-1.52.0-win32-x64\jre\21.0.9-win32-x86_64\bin\VCRUNTIME140.dll
0x00007ff8d70d0000 - 0x00007ff8d736b000 	C:\WINDOWS\WinSxS\amd64_microsoft.windows.common-controls_6595b64144ccf1df_6.0.19041.6456_none_60b8a6cb71f64256\COMCTL32.dll
0x00007ff8e4fa0000 - 0x00007ff8e503e000 	C:\WINDOWS\System32\msvcrt.dll
0x00007ff8e4f70000 - 0x00007ff8e4f9f000 	C:\WINDOWS\System32\IMM32.DLL
0x00007ff8d1630000 - 0x00007ff8d163c000 	c:\Users\ashis\.vscode\extensions\redhat.java-1.52.0-win32-x64\jre\21.0.9-win32-x86_64\bin\vcruntime140_1.dll
0x00007ff8c04f0000 - 0x00007ff8c057d000 	c:\Users\ashis\.vscode\extensions\redhat.java-1.52.0-win32-x64\jre\21.0.9-win32-x86_64\bin\msvcp140.dll
0x00007ff893990000 - 0x00007ff894730000 	c:\Users\ashis\.vscode\extensions\redhat.java-1.52.0-win32-x64\jre\21.0.9-win32-x86_64\bin\server\jvm.dll
0x00007ff8e5ef0000 - 0x00007ff8e5fa1000 	C:\WINDOWS\System32\ADVAPI32.dll
0x00007ff8e4e90000 - 0x00007ff8e4f2f000 	C:\WINDOWS\System32\sechost.dll
0x00007ff8e5b50000 - 0x00007ff8e5c70000 	C:\WINDOWS\System32\RPCRT4.dll
0x00007ff8e44b0000 - 0x00007ff8e44d7000 	C:\WINDOWS\System32\bcrypt.dll
0x00007ff8e52e0000 - 0x00007ff8e534b000 	C:\WINDOWS\System32\WS2_32.dll
0x00007ff8e3a40000 - 0x00007ff8e3a8b000 	C:\WINDOWS\SYSTEM32\POWRPROF.dll
0x00007ff8d0440000 - 0x00007ff8d0467000 	C:\WINDOWS\SYSTEM32\WINMM.dll
0x00007ff8daf30000 - 0x00007ff8daf3a000 	C:\WINDOWS\SYSTEM32\VERSION.dll
0x00007ff8e3a20000 - 0x00007ff8e3a32000 	C:\WINDOWS\SYSTEM32\UMPDC.dll
0x00007ff8e23f0000 - 0x00007ff8e2402000 	C:\WINDOWS\SYSTEM32\kernel.appcore.dll
0x00007ff8d1620000 - 0x00007ff8d162a000 	c:\Users\ashis\.vscode\extensions\redhat.java-1.52.0-win32-x64\jre\21.0.9-win32-x86_64\bin\jimage.dll
0x00007ff8e1920000 - 0x00007ff8e1b21000 	C:\WINDOWS\SYSTEM32\DBGHELP.DLL
0x00007ff8ccb50000 - 0x00007ff8ccb84000 	C:\WINDOWS\SYSTEM32\dbgcore.DLL
0x00007ff8e44e0000 - 0x00007ff8e4562000 	C:\WINDOWS\System32\bcryptPrimitives.dll
0x00007ff8d1580000 - 0x00007ff8d158f000 	c:\Users\ashis\.vscode\extensions\redhat.java-1.52.0-win32-x64\jre\21.0.9-win32-x86_64\bin\instrument.dll
0x00007ff8cfba0000 - 0x00007ff8cfbc0000 	c:\Users\ashis\.vscode\extensions\redhat.java-1.52.0-win32-x64\jre\21.0.9-win32-x86_64\bin\java.dll
0x00007ff8e4670000 - 0x00007ff8e4de0000 	C:\WINDOWS\System32\SHELL32.dll
0x00007ff8e1c30000 - 0x00007ff8e23d5000 	C:\WINDOWS\SYSTEM32\windows.storage.dll
0x00007ff8e5fb0000 - 0x00007ff8e6304000 	C:\WINDOWS\System32\combase.dll
0x00007ff8e3530000 - 0x00007ff8e355b000 	C:\WINDOWS\SYSTEM32\Wldp.dll
0x00007ff8e6310000 - 0x00007ff8e63dd000 	C:\WINDOWS\System32\OLEAUT32.dll
0x00007ff8e5530000 - 0x00007ff8e55dd000 	C:\WINDOWS\System32\SHCORE.dll
0x00007ff8e55e0000 - 0x00007ff8e563b000 	C:\WINDOWS\System32\shlwapi.dll
0x00007ff8e3b10000 - 0x00007ff8e3b34000 	C:\WINDOWS\SYSTEM32\profapi.dll
0x00007ff8ce6b0000 - 0x00007ff8ce6c8000 	c:\Users\ashis\.vscode\extensions\redhat.java-1.52.0-win32-x64\jre\21.0.9-win32-x86_64\bin\zip.dll
0x00007ff8d1570000 - 0x00007ff8d1580000 	C:\Users\ashis\.vscode\extensions\redhat.java-1.52.0-win32-x64\jre\21.0.9-win32-x86_64\bin\net.dll
0x00007ff8db110000 - 0x00007ff8db21a000 	C:\WINDOWS\SYSTEM32\WINHTTP.dll
0x00007ff8e3290000 - 0x00007ff8e32fa000 	C:\WINDOWS\system32\mswsock.dll
0x00007ff8ce4d0000 - 0x00007ff8ce4e6000 	C:\Users\ashis\.vscode\extensions\redhat.java-1.52.0-win32-x64\jre\21.0.9-win32-x86_64\bin\nio.dll
0x00007ff8d1390000 - 0x00007ff8d13a0000 	c:\Users\ashis\.vscode\extensions\redhat.java-1.52.0-win32-x64\jre\21.0.9-win32-x86_64\bin\verify.dll
0x00007ff8c0370000 - 0x00007ff8c03b5000 	C:\Users\ashis\AppData\Roaming\Code\User\globalStorage\redhat.java\1.52.0\config_win\org.eclipse.equinox.launcher\org.eclipse.equinox.launcher.win32.win32.x86_64_1.2.1500.v20260121-1430\eclipse_11919.dll
0x00007ff8e63e0000 - 0x00007ff8e650b000 	C:\WINDOWS\System32\ole32.dll
0x00007ff8e3490000 - 0x00007ff8e34a8000 	C:\WINDOWS\SYSTEM32\CRYPTSP.dll
0x00007ff8e2bb0000 - 0x00007ff8e2be8000 	C:\WINDOWS\system32\rsaenh.dll
0x00007ff8e3ad0000 - 0x00007ff8e3afe000 	C:\WINDOWS\SYSTEM32\USERENV.dll
0x00007ff8e3480000 - 0x00007ff8e348c000 	C:\WINDOWS\SYSTEM32\CRYPTBASE.dll
0x00007ff8e2f70000 - 0x00007ff8e2fab000 	C:\WINDOWS\SYSTEM32\IPHLPAPI.DLL
0x00007ff8e52d0000 - 0x00007ff8e52d8000 	C:\WINDOWS\System32\NSI.dll
0x00007ff8ca420000 - 0x00007ff8ca469000 	C:\Users\ashis\AppData\Local\Temp\jna-93110816\jna8797517421273661202.dll
0x00007ff8e56d0000 - 0x00007ff8e56d8000 	C:\WINDOWS\System32\PSAPI.DLL
0x00007ff8db980000 - 0x00007ff8db997000 	C:\WINDOWS\SYSTEM32\dhcpcsvc6.DLL
0x00007ff8dcb90000 - 0x00007ff8dcbad000 	C:\WINDOWS\SYSTEM32\dhcpcsvc.DLL
0x00007ff8de230000 - 0x00007ff8de23e000 	C:\Users\ashis\.vscode\extensions\redhat.java-1.52.0-win32-x64\jre\21.0.9-win32-x86_64\bin\sunmscapi.dll
0x00007ff8e3ee0000 - 0x00007ff8e403d000 	C:\WINDOWS\System32\CRYPT32.dll
0x00007ff8e35a0000 - 0x00007ff8e35c7000 	C:\WINDOWS\SYSTEM32\ncrypt.dll
0x00007ff8e3560000 - 0x00007ff8e359b000 	C:\WINDOWS\SYSTEM32\NTASN1.dll
0x00007ff8e2fb0000 - 0x00007ff8e307a000 	C:\WINDOWS\SYSTEM32\DNSAPI.dll
0x00007ff8dc580000 - 0x00007ff8dc58a000 	C:\Windows\System32\rasadhlp.dll
0x00007ff8d0700000 - 0x00007ff8d0780000 	C:\WINDOWS\System32\fwpuclnt.dll
0x00007ff8e0e20000 - 0x00007ff8e0e29000 	C:\Users\ashis\.vscode\extensions\redhat.java-1.52.0-win32-x64\jre\21.0.9-win32-x86_64\bin\extnet.dll

JVMTI agents:
c:\Users\ashis\.vscode\extensions\redhat.java-1.52.0-win32-x64\lombok\lombok-1.18.39-4050.jar path:c:\Users\ashis\.vscode\extensions\redhat.java-1.52.0-win32-x64\jre\21.0.9-win32-x86_64\bin\instrument.dll, loaded, initialized, instrumentlib options:none

dbghelp: loaded successfully - version: 4.0.5 - missing functions: none
symbol engine: initialized successfully - sym options: 0x614 - pdb path: .;c:\Users\ashis\.vscode\extensions\redhat.java-1.52.0-win32-x64\jre\21.0.9-win32-x86_64\bin;C:\WINDOWS\SYSTEM32;C:\WINDOWS\WinSxS\amd64_microsoft.windows.common-controls_6595b64144ccf1df_6.0.19041.6456_none_60b8a6cb71f64256;c:\Users\ashis\.vscode\extensions\redhat.java-1.52.0-win32-x64\jre\21.0.9-win32-x86_64\bin\server;C:\Users\ashis\AppData\Roaming\Code\User\globalStorage\redhat.java\1.52.0\config_win\org.eclipse.equinox.launcher\org.eclipse.equinox.launcher.win32.win32.x86_64_1.2.1500.v20260121-1430;C:\Users\ashis\AppData\Local\Temp\jna-93110816

VM Arguments:
jvm_args: --add-modules=ALL-SYSTEM --add-opens=java.base/java.util=ALL-UNNAMED --add-opens=java.base/java.lang=ALL-UNNAMED --add-opens=java.base/sun.nio.fs=ALL-UNNAMED -Declipse.application=org.eclipse.jdt.ls.core.id1 -Dosgi.bundles.defaultStartLevel=4 -Declipse.product=org.eclipse.jdt.ls.core.product -Djava.import.generatesMetadataFilesAtProjectRoot=false -DDetectVMInstallationsJob.disabled=true -Dfile.encoding=utf8 -XX:+UseParallelGC -XX:GCTimeRatio=4 -XX:AdaptiveSizePolicyWeight=90 -Dsun.zip.disableMemoryMapping=true -Xmx2G -Xms100m -Xlog:disable -javaagent:c:\Users\ashis\.vscode\extensions\redhat.java-1.52.0-win32-x64\lombok\lombok-1.18.39-4050.jar -XX:+HeapDumpOnOutOfMemoryError -XX:HeapDumpPath=c:\Users\ashis\AppData\Roaming\Code\User\workspaceStorage\0dba1efa2c8a7a4feabf0c4d767e8a8f\redhat.java -Daether.dependencyCollector.impl=bf 
java_command: c:\Users\ashis\.vscode\extensions\redhat.java-1.52.0-win32-x64\server\plugins\org.eclipse.equinox.launcher_1.7.100.v20251111-0406.jar -configuration c:\Users\ashis\AppData\Roaming\Code\User\globalStorage\redhat.java\1.52.0\config_win -data c:\Users\ashis\AppData\Roaming\Code\User\workspaceStorage\0dba1efa2c8a7a4feabf0c4d767e8a8f\redhat.java\jdt_ws --pipe=\\.\pipe\lsp-a5fbd18870df6f8d988922a1a329c7fe-sock
java_class_path (initial): c:\Users\ashis\.vscode\extensions\redhat.java-1.52.0-win32-x64\server\plugins\org.eclipse.equinox.launcher_1.7.100.v20251111-0406.jar
Launcher Type: SUN_STANDARD

[Global flags]
    uintx AdaptiveSizePolicyWeight                 = 90                                        {product} {command line}
     intx CICompilerCount                          = 3                                         {product} {ergonomic}
    uintx GCTimeRatio                              = 4                                         {product} {command line}
     bool HeapDumpOnOutOfMemoryError               = true                                   {manageable} {command line}
    ccstr HeapDumpPath                             = c:\Users\ashis\AppData\Roaming\Code\User\workspaceStorage\0dba1efa2c8a7a4feabf0c4d767e8a8f\redhat.java         {manageable} {command line}
   size_t InitialHeapSize                          = 104857600                                 {product} {command line}
   size_t MaxHeapSize                              = 2147483648                                {product} {command line}
   size_t MaxNewSize                               = 715653120                                 {product} {ergonomic}
   size_t MinHeapDeltaBytes                        = 524288                                    {product} {ergonomic}
   size_t MinHeapSize                              = 104857600                                 {product} {command line}
   size_t NewSize                                  = 34603008                                  {product} {ergonomic}
    uintx NonNMethodCodeHeapSize                   = 5832780                                {pd product} {ergonomic}
    uintx NonProfiledCodeHeapSize                  = 122912730                              {pd product} {ergonomic}
   size_t OldSize                                  = 70254592                                  {product} {ergonomic}
    uintx ProfiledCodeHeapSize                     = 122912730                              {pd product} {ergonomic}
    uintx ReservedCodeCacheSize                    = 251658240                              {pd product} {ergonomic}
     bool SegmentedCodeCache                       = true                                      {product} {ergonomic}
   size_t SoftMaxHeapSize                          = 2147483648                             {manageable} {ergonomic}
     bool UseCompressedOops                        = true                           {product lp64_product} {ergonomic}
     bool UseLargePagesIndividualAllocation        = false                                  {pd product} {ergonomic}
     bool UseParallelGC                            = true                                      {product} {command line}

Logging:
Log output configuration:
 #0: stdout all=off uptime,level,tags foldmultilines=false
 #1: stderr all=off uptime,level,tags foldmultilines=false

Release file:
JAVA_VERSION="21.0.9" 
MODULES="java.base java.compiler java.datatransfer java.xml java.prefs java.desktop java.instrument java.logging java.management java.security.sasl java.naming java.rmi java.management.rmi java.net.http java.scripting java.security.jgss java.transaction.xa java.sql java.sql.rowset java.xml.crypto java.se java.smartcardio jdk.accessibility jdk.internal.jvmstat jdk.attach jdk.charsets jdk.internal.opt jdk.zipfs jdk.compiler jdk.crypto.ec jdk.crypto.cryptoki jdk.crypto.mscapi jdk.dynalink jdk.internal.ed jdk.editpad jdk.hotspot.agent jdk.httpserver jdk.internal.le jdk.internal.vm.ci jdk.internal.vm.compiler jdk.internal.vm.compiler.management jdk.jartool jdk.javadoc jdk.jcmd jdk.management jdk.management.agent jdk.jconsole jdk.jdeps jdk.jdwp.agent jdk.jdi jdk.jfr jdk.jshell jdk.jsobject jdk.jstatd jdk.localedata jdk.management.jfr jdk.naming.dns jdk.naming.rmi jdk.net jdk.nio.mapmode jdk.random jdk.sctp jdk.security.auth jdk.security.jgss jdk.unsupported jdk.unsupported.desktop jdk.xml.dom" 

Environment Variables:
JAVA_HOME=C:\Program Files\Java\jdk-23
PATH=C:\Python312\Scripts\;C:\Python312\;C:\Program Files\Common Files\Oracle\Java\javapath;C:\WINDOWS\system32;C:\WINDOWS;C:\WINDOWS\System32\Wbem;C:\WINDOWS\System32\WindowsPowerShell\v1.0\;C:\WINDOWS\System32\OpenSSH\;C:\Program Files\MySQL\MySQL Server 8.0\bin;C:\Program Files\nodejs\;C:\ProgramData\chocolatey\bin;C:\Program Files\Redis\;C:\Users\ashis\Downloads\mongosh-2.3.7-win32-x64 (1)\mongosh-2.3.7-win32-x64\bin;C:\Program Files\MongoDB\Server\8.0\bin;C:\Program Files\Git\cmd;C:\Program Files\Git\bin;C:\Program Files\Java\jdk-23\bin;C:\Program Files\apache-maven-3.9.11\bin;C:\Program Files\MySQL\MySQL Shell 8.0\bin\;C:\Users\ashis\AppData\Local\Microsoft\WindowsApps;C:\Users\ashis\AppData\Local\Programs\Microsoft VS Code\bin;C:\Users\ashis\AppData\Roaming\npm;C:\Program Files\MongoDB\Server\8.0\bin;C:\Program Files\PostgreSQL\17\bin;C:\Program Files\apache-maven-3.9.11\bin;C:\Users\ashis\AppData\Local\Programs\Antigravity\bin
USERNAME=ashis
OS=Windows_NT
PROCESSOR_IDENTIFIER=Intel64 Family 6 Model 122 Stepping 8, GenuineIntel
TMP=C:\Users\ashis\AppData\Local\Temp
TEMP=C:\Users\ashis\AppData\Local\Temp




Periodic native trim disabled

---------------  S Y S T E M  ---------------

OS:
 Windows 10 , 64 bit Build 19041 (10.0.19041.5915)
OS uptime: 6 days 0:37 hours

CPU: total 4 (initial active 4) (4 cores per cpu, 1 threads per core) family 6 model 122 stepping 8 microcode 0x1c, cx8, cmov, fxsr, mmx, 3dnowpref, sse, sse2, sse3, ssse3, sse4.1, sse4.2, popcnt, tsc, tscinvbit, aes, erms, clmul, sha, clflush, clflushopt, rdtscp, rdpid
Processor Information for the first 4 processors :
  Max Mhz: 1101, Current Mhz: 1101, Mhz Limit: 1101

Memory: 4k page, system-wide physical 3918M (142M free)
TotalPageFile size 15694M (AvailPageFile size 83M)
current process WorkingSet (physical memory assigned to process): 14M, peak: 322M
current process commit charge ("private bytes"): 485M, peak: 504M

vm_info: OpenJDK 64-Bit Server VM (21.0.9+10-LTS) for windows-amd64 JRE (21.0.9+10-LTS), built on 2025-10-21T00:00:00Z by "admin" with unknown MS VC++:1942

END.
